<?xml version="1.0" encoding="UTF-8"?>
<!-- Generated by org.testng.reporters.JUnitReportReporter -->
<testsuite skipped="0" hostname="LAPTOP-MJBTG76S" name="seleniumToJenkinsFlow.seleniumToJenkinsFlow.Sheetal2" tests="2" failures="0" timestamp="19 Jul 2020 15:06:16 GMT" time="0.007" errors="0">
  <testcase name="testThree" time="0.002" classname="seleniumToJenkinsFlow.seleniumToJenkinsFlow.Sheetal2"/>
  <testcase name="testFour" time="0.005" classname="seleniumToJenkinsFlow.seleniumToJenkinsFlow.Sheetal2"/>
</testsuite> <!-- seleniumToJenkinsFlow.seleniumToJenkinsFlow.Sheetal2 -->
