<?xml version="1.0" encoding="UTF-8"?>
<!-- Generated by org.testng.reporters.JUnitReportReporter -->
<testsuite skipped="0" hostname="LAPTOP-MJBTG76S" name="seleniumToJenkinsFlow.seleniumToJenkinsFlow.Sheetal5" tests="2" failures="0" timestamp="19 Jul 2020 15:07:13 GMT" time="0.007" errors="0">
  <testcase name="testNine" time="0.004" classname="seleniumToJenkinsFlow.seleniumToJenkinsFlow.Sheetal5"/>
  <testcase name="testTen" time="0.003" classname="seleniumToJenkinsFlow.seleniumToJenkinsFlow.Sheetal5"/>
</testsuite> <!-- seleniumToJenkinsFlow.seleniumToJenkinsFlow.Sheetal5 -->
