<?xml version="1.0" encoding="UTF-8"?>
<!-- Generated by org.testng.reporters.JUnitReportReporter -->
<testsuite skipped="0" hostname="LAPTOP-MJBTG76S" name="seleniumToJenkinsFlow.seleniumToJenkinsFlow.Sheetal4" tests="2" failures="0" timestamp="19 Jul 2020 15:06:16 GMT" time="0.006" errors="0">
  <testcase name="testSeven" time="0.003" classname="seleniumToJenkinsFlow.seleniumToJenkinsFlow.Sheetal4"/>
  <testcase name="testEight" time="0.003" classname="seleniumToJenkinsFlow.seleniumToJenkinsFlow.Sheetal4"/>
</testsuite> <!-- seleniumToJenkinsFlow.seleniumToJenkinsFlow.Sheetal4 -->
