<?xml version="1.0" encoding="UTF-8"?>
<!-- Generated by org.testng.reporters.JUnitReportReporter -->
<testsuite skipped="0" hostname="LAPTOP-MJBTG76S" name="seleniumToJenkinsFlow.seleniumToJenkinsFlow.Sheetal3" tests="2" failures="0" timestamp="19 Jul 2020 15:06:16 GMT" time="0.004" errors="0">
  <testcase name="testFive" time="0.002" classname="seleniumToJenkinsFlow.seleniumToJenkinsFlow.Sheetal3"/>
  <testcase name="testSix" time="0.002" classname="seleniumToJenkinsFlow.seleniumToJenkinsFlow.Sheetal3"/>
</testsuite> <!-- seleniumToJenkinsFlow.seleniumToJenkinsFlow.Sheetal3 -->
