<?xml version="1.0" encoding="UTF-8"?>
<!-- Generated by org.testng.reporters.JUnitReportReporter -->
<testsuite skipped="0" hostname="LAPTOP-MJBTG76S" name="seleniumToJenkinsFlow.seleniumToJenkinsFlow.Sheetal1" tests="2" failures="0" timestamp="19 Jul 2020 15:07:13 GMT" time="0.020" errors="0">
  <testcase name="testOne" time="0.018" classname="seleniumToJenkinsFlow.seleniumToJenkinsFlow.Sheetal1"/>
  <testcase name="testTwo" time="0.002" classname="seleniumToJenkinsFlow.seleniumToJenkinsFlow.Sheetal1"/>
</testsuite> <!-- seleniumToJenkinsFlow.seleniumToJenkinsFlow.Sheetal1 -->
